<?xml version="1.0" encoding="UTF-8"?>
<testng-results ignored="0" total="1" passed="1" failed="0" skipped="0">
  <reporter-output>
  </reporter-output>
  <suite started-at="2023-08-30T18:50:06 IST" name="Suite" finished-at="2023-08-30T18:50:30 IST" duration-ms="24160">
    <groups>
    </groups>
    <test started-at="2023-08-30T18:50:06 IST" name="Test" finished-at="2023-08-30T18:50:30 IST" duration-ms="24160">
      <class name="Withoutparameter.TcPBveriftynamewithparameter">
        <test-method is-config="true" signature="LaunchBrowser(java.lang.String)[pri:0, instance:Withoutparameter.TcPBveriftynamewithparameter@449a4f23]" started-at="2023-08-30T18:50:06 IST" name="LaunchBrowser" finished-at="2023-08-30T18:50:13 IST" duration-ms="6360" status="PASS">
          <params>
            <param index="0">
              <value>
                <![CDATA[fire]]>
              </value>
            </param>
          </params>
          <reporter-output>
          </reporter-output>
        </test-method> <!-- LaunchBrowser -->
        <test-method is-config="true" signature="Login()[pri:0, instance:Withoutparameter.TcPBveriftynamewithparameter@449a4f23]" started-at="2023-08-30T18:50:13 IST" name="Login" finished-at="2023-08-30T18:50:16 IST" duration-ms="3522" status="PASS">
          <reporter-output>
          </reporter-output>
        </test-method> <!-- Login -->
        <test-method signature="Verify()[pri:0, instance:Withoutparameter.TcPBveriftynamewithparameter@449a4f23]" started-at="2023-08-30T18:50:16 IST" name="Verify" finished-at="2023-08-30T18:50:30 IST" duration-ms="14232" status="PASS">
          <reporter-output>
          </reporter-output>
        </test-method> <!-- Verify -->
        <test-method is-config="true" signature="Logout(org.testng.ITestResult)[pri:0, instance:Withoutparameter.TcPBveriftynamewithparameter@449a4f23]" started-at="2023-08-30T18:50:30 IST" name="Logout" finished-at="2023-08-30T18:50:30 IST" duration-ms="3" status="PASS">
          <params>
            <param index="0">
              <value>
                <![CDATA[[TestResult name=Verify status=SUCCESS method=TcPBveriftynamewithparameter.Verify()[pri:0, instance:Withoutparameter.TcPBveriftynamewithparameter@449a4f23] output={null}]]]>
              </value>
            </param>
          </params>
          <reporter-output>
          </reporter-output>
        </test-method> <!-- Logout -->
      </class> <!-- Withoutparameter.TcPBveriftynamewithparameter -->
    </test> <!-- Test -->
  </suite> <!-- Suite -->
</testng-results>
